<?xml version="1.0" encoding="UTF-8"?>
<testsuite name="U test register and successfully login" tests="1" skipped="0" failures="0" errors="0" timestamp="2021-12-23T17:20:09" hostname="jomanuepa-Nitro-AN515-51" time="20.742">
  <properties/>
  <testcase name="Register in utest page" classname="U test register and successfully login" time="20.742"/>
  <system-out><![CDATA[]]></system-out>
  <system-err><![CDATA[[Test worker] WARN net.thucydides.core.steps.BaseStepListener - stepStarted: net.thucydides.core.steps.ExecutedStepDescription@3cda93c6
[Test worker] WARN net.thucydides.core.steps.BaseStepListener - stepStarted: net.thucydides.core.steps.ExecutedStepDescription@4a298235
[Test worker] WARN net.thucydides.core.steps.BaseStepListener - stepStarted: net.thucydides.core.steps.ExecutedStepDescription@1ab67877
Dec 23, 2021 12:20:10 PM org.openqa.selenium.remote.DesiredCapabilities chrome
INFO: Using `new ChromeOptions()` is preferred to `DesiredCapabilities.chrome()`
[Test worker] INFO net.serenitybdd.core.webdriver.driverproviders.ProvideNewDriver - Instantiating driver
[Test worker] INFO net.serenitybdd.core.webdriver.driverproviders.ProvideNewDriver - Driver capabilities: Capabilities {acceptInsecureCerts: false, browserName: chrome, chrome.switches: --start-maximized, goog:chromeOptions: {args: [--start-maximized], extensions: []}, loggingPrefs: org.openqa.selenium.logging..., platform: ANY, version: }
Starting ChromeDriver 96.0.4664.45 (76e4c1bb2ab4671b8beba3444e61c0f17584b2fc-refs/branch-heads/4664@{#947}) on port 7386
Only local connections are allowed.
Please see https://chromedriver.chromium.org/security-considerations for suggestions on keeping ChromeDriver safe.
ChromeDriver was started successfully.
Dec 23, 2021 12:20:14 PM org.openqa.selenium.remote.ProtocolHandshake createSession
INFO: Detected dialect: W3C
[Test worker] WARN net.thucydides.core.steps.BaseStepListener - stepFinished: current outcome:Register in utest page:Given Go to u-test page and open register form [Brandon open up [Brandon opens the Utest page]]
[Test worker] WARN net.thucydides.core.steps.BaseStepListener - stepFinished: current outcome:Register in utest page:Given Go to u-test page and open register form [Brandon open up [Brandon opens the Utest page]]
[Test worker] WARN net.thucydides.core.steps.BaseStepListener - stepStarted: net.thucydides.core.steps.ExecutedStepDescription@56badd22
[Test worker] WARN net.thucydides.core.steps.BaseStepListener - stepStarted: net.thucydides.core.steps.ExecutedStepDescription@42c244de
[Test worker] WARN net.thucydides.core.steps.BaseStepListener - stepFinished: current outcome:Register in utest page:Given Go to u-test page and open register form [Brandon open up [Brandon opens the Utest page], Brandon open register form [Brandon clicks on ]]
[Test worker] WARN net.thucydides.core.steps.BaseStepListener - stepFinished: current outcome:Register in utest page:Given Go to u-test page and open register form [Brandon open up [Brandon opens the Utest page], Brandon open register form [Brandon clicks on ]]
[Test worker] WARN net.thucydides.core.steps.BaseStepListener - stepFinished: current outcome:Register in utest page:Given Go to u-test page and open register form [Brandon open up [Brandon opens the Utest page], Brandon open register form [Brandon clicks on ]]
[Test worker] WARN net.thucydides.core.steps.BaseStepListener - stepStarted: net.thucydides.core.steps.ExecutedStepDescription@66f01c3
[Test worker] WARN net.thucydides.core.steps.BaseStepListener - stepStarted: net.thucydides.core.steps.ExecutedStepDescription@595b45de
[Test worker] WARN net.thucydides.core.steps.BaseStepListener - stepFinished: current outcome:Register in utest page:Given Go to u-test page and open register form [Brandon open up [Brandon opens the Utest page], Brandon open register form [Brandon clicks on ]], And fill the following data to register
| firstName | lastName | dayBirth | monthBirth | yearBirth | email | movilDevice |
| Felipe | Ososrio | 15 | June | 1998 | testemail1@gmail.com | Apple | [Brandon enters 'Felipe' into ]
[Test worker] WARN net.thucydides.core.steps.BaseStepListener - stepStarted: net.thucydides.core.steps.ExecutedStepDescription@61199439
[Test worker] WARN net.thucydides.core.steps.BaseStepListener - stepFinished: current outcome:Register in utest page:Given Go to u-test page and open register form [Brandon open up [Brandon opens the Utest page], Brandon open register form [Brandon clicks on ]], And fill the following data to register
| firstName | lastName | dayBirth | monthBirth | yearBirth | email | movilDevice |
| Felipe | Ososrio | 15 | June | 1998 | testemail1@gmail.com | Apple | [Brandon enters 'Felipe' into , Brandon enters 'Ososrio' into ]
[Test worker] WARN net.thucydides.core.steps.BaseStepListener - stepStarted: net.thucydides.core.steps.ExecutedStepDescription@2fcf04ff
[Test worker] WARN net.thucydides.core.steps.BaseStepListener - stepFinished: current outcome:Register in utest page:Given Go to u-test page and open register form [Brandon open up [Brandon opens the Utest page], Brandon open register form [Brandon clicks on ]], And fill the following data to register
| firstName | lastName | dayBirth | monthBirth | yearBirth | email | movilDevice |
| Felipe | Ososrio | 15 | June | 1998 | testemail1@gmail.com | Apple | [Brandon enters 'Felipe' into , Brandon enters 'Ososrio' into , Brandon enters 'testemail1@gmail.com' into ]
[Test worker] WARN net.thucydides.core.steps.BaseStepListener - stepStarted: net.thucydides.core.steps.ExecutedStepDescription@2959211d
[Test worker] WARN net.thucydides.core.steps.BaseStepListener - stepFinished: current outcome:Register in utest page:Given Go to u-test page and open register form [Brandon open up [Brandon opens the Utest page], Brandon open register form [Brandon clicks on ]], And fill the following data to register
| firstName | lastName | dayBirth | monthBirth | yearBirth | email | movilDevice |
| Felipe | Ososrio | 15 | June | 1998 | testemail1@gmail.com | Apple | [Brandon enters 'Felipe' into , Brandon enters 'Ososrio' into , Brandon enters 'testemail1@gmail.com' into , Brandon select June on ]
[Test worker] WARN net.thucydides.core.steps.BaseStepListener - stepStarted: net.thucydides.core.steps.ExecutedStepDescription@7d8139f7
[Test worker] WARN net.thucydides.core.steps.BaseStepListener - stepFinished: current outcome:Register in utest page:Given Go to u-test page and open register form [Brandon open up [Brandon opens the Utest page], Brandon open register form [Brandon clicks on ]], And fill the following data to register
| firstName | lastName | dayBirth | monthBirth | yearBirth | email | movilDevice |
| Felipe | Ososrio | 15 | June | 1998 | testemail1@gmail.com | Apple | [Brandon enters 'Felipe' into , Brandon enters 'Ososrio' into , Brandon enters 'testemail1@gmail.com' into , Brandon select June on , Brandon select 15 on ]
[Test worker] WARN net.thucydides.core.steps.BaseStepListener - stepStarted: net.thucydides.core.steps.ExecutedStepDescription@58abc09b
[Test worker] WARN net.thucydides.core.steps.BaseStepListener - stepFinished: current outcome:Register in utest page:Given Go to u-test page and open register form [Brandon open up [Brandon opens the Utest page], Brandon open register form [Brandon clicks on ]], And fill the following data to register
| firstName | lastName | dayBirth | monthBirth | yearBirth | email | movilDevice |
| Felipe | Ososrio | 15 | June | 1998 | testemail1@gmail.com | Apple | [Brandon enters 'Felipe' into , Brandon enters 'Ososrio' into , Brandon enters 'testemail1@gmail.com' into , Brandon select June on , Brandon select 15 on , Brandon select 1998 on ]
[Test worker] WARN net.thucydides.core.steps.BaseStepListener - stepStarted: net.thucydides.core.steps.ExecutedStepDescription@7ef2a4f6
[Test worker] WARN net.thucydides.core.steps.BaseStepListener - stepFinished: current outcome:Register in utest page:Given Go to u-test page and open register form [Brandon open up [Brandon opens the Utest page], Brandon open register form [Brandon clicks on ]], And fill the following data to register
| firstName | lastName | dayBirth | monthBirth | yearBirth | email | movilDevice |
| Felipe | Ososrio | 15 | June | 1998 | testemail1@gmail.com | Apple | [Brandon enters 'Felipe' into , Brandon enters 'Ososrio' into , Brandon enters 'testemail1@gmail.com' into , Brandon select June on , Brandon select 15 on , Brandon select 1998 on , Brandon clicks on ]
[Test worker] WARN net.thucydides.core.steps.BaseStepListener - stepFinished: current outcome:Register in utest page:Given Go to u-test page and open register form [Brandon open up [Brandon opens the Utest page], Brandon open register form [Brandon clicks on ]], And fill the following data to register
| firstName | lastName | dayBirth | monthBirth | yearBirth | email | movilDevice |
| Felipe | Ososrio | 15 | June | 1998 | testemail1@gmail.com | Apple | [Brandon enters 'Felipe' into , Brandon enters 'Ososrio' into , Brandon enters 'testemail1@gmail.com' into , Brandon select June on , Brandon select 15 on , Brandon select 1998 on , Brandon clicks on ]
[Test worker] WARN net.thucydides.core.steps.BaseStepListener - testFinished: Register in utest page:Given Go to u-test page and open register form [Brandon open up [Brandon opens the Utest page], Brandon open register form [Brandon clicks on ]], And fill the following data to register
| firstName | lastName | dayBirth | monthBirth | yearBirth | email | movilDevice |
| Felipe | Ososrio | 15 | June | 1998 | testemail1@gmail.com | Apple | [Brandon enters 'Felipe' into , Brandon enters 'Ososrio' into , Brandon enters 'testemail1@gmail.com' into , Brandon select June on , Brandon select 15 on , Brandon select 1998 on , Brandon clicks on ]
[Test worker] WARN net.thucydides.core.steps.BaseStepListener - TestOutcomes: [Register in utest page:Given Go to u-test page and open register form [Brandon open up [Brandon opens the Utest page], Brandon open register form [Brandon clicks on ]], And fill the following data to register
| firstName | lastName | dayBirth | monthBirth | yearBirth | email | movilDevice |
| Felipe | Ososrio | 15 | June | 1998 | testemail1@gmail.com | Apple | [Brandon enters 'Felipe' into , Brandon enters 'Ososrio' into , Brandon enters 'testemail1@gmail.com' into , Brandon select June on , Brandon select 15 on , Brandon select 1998 on , Brandon clicks on ]]
[Test worker] WARN net.thucydides.core.steps.BaseStepListener - Final testOutcomes: [Register in utest page:Given Go to u-test page and open register form [Brandon open up [Brandon opens the Utest page], Brandon open register form [Brandon clicks on ]], And fill the following data to register
| firstName | lastName | dayBirth | monthBirth | yearBirth | email | movilDevice |
| Felipe | Ososrio | 15 | June | 1998 | testemail1@gmail.com | Apple | [Brandon enters 'Felipe' into , Brandon enters 'Ososrio' into , Brandon enters 'testemail1@gmail.com' into , Brandon select June on , Brandon select 15 on , Brandon select 1998 on , Brandon clicks on ]]
[Test worker] INFO net.thucydides.core.steps.ConsoleLoggingListener - 
        __    _____ _____ ____ _____   ____   _    ____  ____  _____ ____  
  _     \ \  |_   _| ____/ ___|_   _| |  _ \ / \  / ___|/ ___|| ____|  _ \ 
 (_)_____| |   | | |  _| \___ \ | |   | |_) / _ \ \___ \\___ \|  _| | | | |
  _|_____| |   | | | |___ ___) || |   |  __/ ___ \ ___) |___) | |___| |_| |
 (_)     | |   |_| |_____|____/ |_|   |_| /_/   \_\____/|____/|_____|____/ 
        /_/                                                                

TEST PASSED: Register in utest page
----------------------------------------------------------------------------
]]></system-err>
</testsuite>
